<?xml version="1.0" encoding="UTF-8"?>
<!-- Generated by org.testng.reporters.JUnitReportReporter -->
<testsuite hostname="vinayaktulewindows" failures="0" tests="1" name="testsuite.LoginTest" time="19.423" errors="0" timestamp="2021-12-10T00:24:47 IST" skipped="0">
  <testcase classname="testsuite.LoginTest" name="testLogin" time="19.423"/>
  <system-out/>
</testsuite> <!-- testsuite.LoginTest -->
