<?xml version="1.0" encoding="UTF-8"?>
<!-- Generated by org.testng.reporters.JUnitReportReporter -->
<testsuite hostname="vinayaktulewindows" failures="0" tests="1" name="config.Browser" time="1.345" errors="0" timestamp="2021-12-09T23:49:34 IST" skipped="0">
  <testcase classname="config.Browser" name="launch" time="1.345"/>
  <system-out/>
</testsuite> <!-- config.Browser -->
